<?xml version="1.0" encoding="UTF-8"?>
<!-- Generated by org.testng.reporters.JUnitReportReporter -->
<testsuite hostname="tcserver.localdomain" name="repo.TaskRepoTest" tests="1" failures="0" timestamp="14 Feb 2014 16:06:56 GMT" time="0.081" errors="0">
  <testcase name="findAll" time="0.081" classname="repo.TaskRepoTest"/>
</testsuite> <!-- repo.TaskRepoTest -->
