<?xml version="1.0" encoding="UTF-8"?>
<!-- Generated by org.testng.reporters.JUnitReportReporter -->
<testsuite hostname="tcserver.localdomain" name="repo.ServiceRepoTest" tests="1" failures="0" timestamp="14 Feb 2014 00:15:33 GMT" time="0.149" errors="0">
  <testcase name="findAll" time="0.149" classname="repo.ServiceRepoTest"/>
</testsuite> <!-- repo.ServiceRepoTest -->
